#
# A fatal error has been detected by the Java Runtime Environment:
#
#  EXCEPTION_ACCESS_VIOLATION (0xc0000005) at pc=0x00007fff7f617020, pid=2568, tid=9888
#
# JRE version: OpenJDK Runtime Environment (11.0.10) (build 11.0.10+0-b96-7249189)
# Java VM: OpenJDK 64-Bit Server VM (11.0.10+0-b96-7249189, mixed mode, tiered, compressed oops, g1 gc, windows-amd64)
# Problematic frame:
# V  [jvm.dll+0x6b7020]
#
# No core dump will be written. Minidumps are not enabled by default on client versions of Windows
#
# If you would like to submit a bug report, please visit:
#   https://bugreport.java.com/bugreport/crash.jsp
#

---------------  S U M M A R Y ------------

Command Line: --add-opens=java.base/java.util=ALL-UNNAMED --add-opens=java.base/java.lang=ALL-UNNAMED --add-opens=java.base/java.lang.invoke=ALL-UNNAMED --add-opens=java.base/java.util=ALL-UNNAMED --add-opens=java.prefs/java.util.prefs=ALL-UNNAMED --add-opens=java.prefs/java.util.prefs=ALL-UNNAMED --add-opens=java.base/java.nio.charset=ALL-UNNAMED --add-opens=java.base/java.net=ALL-UNNAMED --add-opens=java.base/java.util.concurrent.atomic=ALL-UNNAMED -Xmx2048m -Dfile.encoding=UTF-8 -Duser.country=IN -Duser.language=en -Duser.variant org.gradle.launcher.daemon.bootstrap.GradleDaemon 7.0.2

Host: Intel(R) Core(TM) i3-1005G1 CPU @ 1.20GHz, 4 cores, 7G,  Windows 10 , 64 bit Build 19041 (10.0.19041.1348)
Time: Wed Nov 17 22:32:59 2021 India Standard Time elapsed time: 38.105551 seconds (0d 0h 0m 38s)

---------------  T H R E A D  ---------------

Current thread (0x000001302550f000):  GCTaskThread "GC Thread#3" [stack: 0x0000002f42a00000,0x0000002f42b00000] [id=9888]

Stack: [0x0000002f42a00000,0x0000002f42b00000],  sp=0x0000002f42aff510,  free space=1021k
Native frames: (J=compiled Java code, j=interpreted, Vv=VM code, C=native code)
V  [jvm.dll+0x6b7020]
V  [jvm.dll+0x6b7d64]
V  [jvm.dll+0x2dda2e]
V  [jvm.dll+0x2dd6bd]
V  [jvm.dll+0x748da0]
V  [jvm.dll+0x6e3d45]
V  [jvm.dll+0x5ebe96]
C  [ucrtbase.dll+0x21bb2]
C  [KERNEL32.DLL+0x17034]
C  [ntdll.dll+0x52651]


siginfo: EXCEPTION_ACCESS_VIOLATION (0xc0000005), reading address 0x00002130247bbef0


Register to memory mapping:

RIP=0x00007fff7f617020 jvm.dll
RAX=0x000000000000ffff is an unknown value
RBX=0x00002130247bbee8 is an unknown value
RCX=0x0000013027824a20 points into unknown readable memory: 0x4c5bb1a3ffff0029 | 29 00 ff ff a3 b1 5b 4c
RDX=0x0000000000000020 is an unknown value
RSP=0x0000002f42aff510 points into unknown readable memory: 0x0000000000000000 | 00 00 00 00 00 00 00 00
RBP=0x0000002f42aff570 points into unknown readable memory: 0x0000000000006508 | 08 65 00 00 00 00 00 00
RSI=0x0000013027fdfe50 points into unknown readable memory: 0x00002130247bbee8 | e8 be 7b 24 30 21 00 00
RDI=0x0000002f42aff5c0 points into unknown readable memory: 0x0000013000000000 | 00 00 00 00 30 01 00 00
R8 =0x0000002f42aff570 points into unknown readable memory: 0x0000000000006508 | 08 65 00 00 00 00 00 00
R9 =0x0000002f42aff4f0 points into unknown readable memory: 0x000000000000027a | 7a 02 00 00 00 00 00 00
R10=0x0000013007820d30 points into unknown readable memory: 0x00007fff7f78aae0 | e0 aa 78 7f ff 7f 00 00
R11=0x0000002f42aff598 points into unknown readable memory: 0x00007fff7f23da2e | 2e da 23 7f ff 7f 00 00
R12=0x000000000000000d is an unknown value
R13=0x0 is NULL
R14=0x0000000000010998 is an unknown value
R15=0x0000000000010998 is an unknown value


Registers:
RAX=0x000000000000ffff, RBX=0x00002130247bbee8, RCX=0x0000013027824a20, RDX=0x0000000000000020
RSP=0x0000002f42aff510, RBP=0x0000002f42aff570, RSI=0x0000013027fdfe50, RDI=0x0000002f42aff5c0
R8 =0x0000002f42aff570, R9 =0x0000002f42aff4f0, R10=0x0000013007820d30, R11=0x0000002f42aff598
R12=0x000000000000000d, R13=0x0000000000000000, R14=0x0000000000010998, R15=0x0000000000010998
RIP=0x00007fff7f617020, EFLAGS=0x0000000000010206

Top of Stack: (sp=0x0000002f42aff510)
0x0000002f42aff510:   0000000000000000 000001302550f000
0x0000002f42aff520:   0000000000000000 0000002f42aff5e0
0x0000002f42aff530:   0000000000000000 000001302550f000
0x0000002f42aff540:   0000002f411fe980 00007fff7f617d64
0x0000002f42aff550:   0000000000004e2b 0000002f42aff5f8
0x0000002f42aff560:   0000002f42aff5c0 0000000000000000
0x0000002f42aff570:   0000000000006508 0000000000000000
0x0000002f42aff580:   0000000000000000 00000000000028b4
0x0000002f42aff590:   0000000000000001 00007fff7f23da2e
0x0000002f42aff5a0:   0000002f411fe9a0 0000000000000001
0x0000002f42aff5b0:   0000000000000001 0000013023df7e90
0x0000002f42aff5c0:   0000013000000000 00000130054a3730
0x0000002f42aff5d0:   00000130054a3730 00007fff7f23d6bd
0x0000002f42aff5e0:   00000130000028b4 0000002f411fea20
0x0000002f42aff5f0:   0000002f00000001 0000000000000000
0x0000002f42aff600:   00000000000075a3 00007fff7f6a8da0 

Instructions: (pc=0x00007fff7f617020)
0x00007fff7f616f20:   8d 14 cd 00 00 00 00 49 8b 4d 08 48 03 ca 48 89
0x00007fff7f616f30:   4c 24 30 48 8b 09 48 89 48 08 49 03 55 08 48 89
0x00007fff7f616f40:   54 24 38 48 89 02 41 ff 45 2c 48 8b 84 24 90 00
0x00007fff7f616f50:   00 00 48 8b 10 48 8b 84 24 b0 00 00 00 48 63 0c
0x00007fff7f616f60:   18 48 8b 42 08 c6 44 08 04 01 48 89 7c ca 40 48
0x00007fff7f616f70:   8b bc 24 b0 00 00 00 48 8b 8c 24 b8 00 00 00 48
0x00007fff7f616f80:   ff c6 48 83 c3 04 49 3b f7 0f 8c 51 fe ff ff b0
0x00007fff7f616f90:   01 4c 8b 74 24 40 4c 8b 64 24 48 48 8b 7c 24 50
0x00007fff7f616fa0:   48 8b 74 24 58 48 8b ac 24 80 00 00 00 48 83 c4
0x00007fff7f616fb0:   60 41 5f 41 5d 5b c3 32 c0 eb d6 cc cc cc cc cc
0x00007fff7f616fc0:   3b ca 0f 8d d2 00 00 00 55 48 83 ec 30 48 89 5c
0x00007fff7f616fd0:   24 40 2b d1 48 89 74 24 48 49 8b e8 48 89 7c 24
0x00007fff7f616fe0:   50 4c 89 64 24 58 4c 89 74 24 28 48 63 c1 4c 89
0x00007fff7f616ff0:   7c 24 20 44 8b e2 4c 8d 34 c5 00 00 00 00 4d 8b
0x00007fff7f617000:   fe 48 8b 05 d8 cd 35 00 48 8b 58 08 49 8d 34 1f
0x00007fff7f617010:   49 8b 1c 1e 48 85 db 74 50 0f 1f 80 00 00 00 00
0x00007fff7f617020:   f6 43 08 01 74 09 83 3d 63 07 34 00 00 74 3a 48
0x00007fff7f617030:   8b 4b 10 ff 45 00 0f b7 41 02 66 85 c0 75 1d e8
0x00007fff7f617040:   1c 55 a0 ff 48 8b 43 08 48 8b d3 48 83 e0 fe 48
0x00007fff7f617050:   8b cd 48 89 06 e8 86 72 c8 ff eb 04 48 8d 73 08
0x00007fff7f617060:   48 8b 1e 48 83 e3 fe 75 b7 49 83 c7 08 49 83 c6
0x00007fff7f617070:   08 49 83 ec 01 75 8a 4c 8b 7c 24 20 4c 8b 74 24
0x00007fff7f617080:   28 4c 8b 64 24 58 48 8b 7c 24 50 48 8b 74 24 48
0x00007fff7f617090:   48 8b 5c 24 40 48 83 c4 30 5d c3 cc cc cc cc cc
0x00007fff7f6170a0:   40 55 48 83 ec 30 48 8b e9 84 d2 75 1e 48 8b d1
0x00007fff7f6170b0:   4c 8d 05 c9 0f 1c 00 48 8b 0d 22 cd 35 00 45 33
0x00007fff7f6170c0:   c9 48 83 c4 30 5d e9 05 7b c8 ff 48 8d 15 be 52
0x00007fff7f6170d0:   1a 00 4c 89 74 24 28 e8 f4 80 f3 ff 48 8b 05 fd
0x00007fff7f6170e0:   cc 35 00 45 33 f6 44 39 30 0f 8e 97 00 00 00 48
0x00007fff7f6170f0:   89 5c 24 40 48 89 74 24 48 48 89 7c 24 50 4c 89
0x00007fff7f617100:   7c 24 20 45 8b fe 66 66 0f 1f 84 00 00 00 00 00
0x00007fff7f617110:   48 8b 40 08 49 8b 1c 07 48 85 db 74 42 0f 1f 00 


Stack slot to memory mapping:
stack at sp + 0 slots: 0x0 is NULL
stack at sp + 1 slots: 0x000001302550f000 points into unknown readable memory: 0x00007fff7f7fe700 | 00 e7 7f 7f ff 7f 00 00
stack at sp + 2 slots: 0x0 is NULL
stack at sp + 3 slots: 0x0000002f42aff5e0 points into unknown readable memory: 0x00000130000028b4 | b4 28 00 00 30 01 00 00
stack at sp + 4 slots: 0x0 is NULL
stack at sp + 5 slots: 0x000001302550f000 points into unknown readable memory: 0x00007fff7f7fe700 | 00 e7 7f 7f ff 7f 00 00
stack at sp + 6 slots: 0x0000002f411fe980 points into unknown readable memory: 0x00007fff7f77e598 | 98 e5 77 7f ff 7f 00 00
stack at sp + 7 slots: 0x00007fff7f617d64 jvm.dll


---------------  P R O C E S S  ---------------

Threads class SMR info:
_java_thread_list=0x00000130280a6260, length=51, elements={
0x000001300775f000, 0x0000013021340000, 0x000001302134c000, 0x0000013021cd2800,
0x000001302135f800, 0x0000013021360800, 0x0000013021366000, 0x0000013021367000,
0x0000013021368000, 0x0000013021e0e000, 0x0000013023c3f000, 0x0000013021f67800,
0x000001302342c800, 0x0000013022f17800, 0x0000013023bde000, 0x0000013023ea3800,
0x0000013023efe800, 0x00000130233fb800, 0x000001302483f800, 0x00000130245ce000,
0x00000130245d3000, 0x00000130245ce800, 0x00000130245cf800, 0x00000130245cd000,
0x00000130245d1000, 0x00000130245d3800, 0x00000130245d0800, 0x00000130245d2000,
0x000001302219b800, 0x000001302219d800, 0x000001302219f800, 0x000001302219b000,
0x000001302219c800, 0x00000130221a1800, 0x00000130221a2000, 0x00000130221a4000,
0x00000130221a3000, 0x000001302219e000, 0x00000130221a8800, 0x00000130221a8000,
0x00000130221a9800, 0x00000130221a4800, 0x00000130221a7000, 0x00000130221a5800,
0x00000130221a6000, 0x000001302a1ce000, 0x000001302a1cf800, 0x000001302a1d2800,
0x000001302a1cd000, 0x000001302a1d3800, 0x000001302a1d0000
}

Java Threads: ( => current thread )
  0x000001300775f000 JavaThread "main" [_thread_blocked, id=17256, stack(0x0000002f40b00000,0x0000002f40c00000)]
  0x0000013021340000 JavaThread "Reference Handler" daemon [_thread_blocked, id=14716, stack(0x0000002f41200000,0x0000002f41300000)]
  0x000001302134c000 JavaThread "Finalizer" daemon [_thread_blocked, id=7264, stack(0x0000002f41300000,0x0000002f41400000)]
  0x0000013021cd2800 JavaThread "Signal Dispatcher" daemon [_thread_blocked, id=15408, stack(0x0000002f41400000,0x0000002f41500000)]
  0x000001302135f800 JavaThread "Attach Listener" daemon [_thread_blocked, id=10148, stack(0x0000002f41500000,0x0000002f41600000)]
  0x0000013021360800 JavaThread "Service Thread" daemon [_thread_blocked, id=2352, stack(0x0000002f41600000,0x0000002f41700000)]
  0x0000013021366000 JavaThread "C2 CompilerThread0" daemon [_thread_blocked, id=15092, stack(0x0000002f41700000,0x0000002f41800000)]
  0x0000013021367000 JavaThread "C1 CompilerThread0" daemon [_thread_blocked, id=12016, stack(0x0000002f41800000,0x0000002f41900000)]
  0x0000013021368000 JavaThread "Sweeper thread" daemon [_thread_blocked, id=15728, stack(0x0000002f41900000,0x0000002f41a00000)]
  0x0000013021e0e000 JavaThread "Common-Cleaner" daemon [_thread_blocked, id=9396, stack(0x0000002f41a00000,0x0000002f41b00000)]
  0x0000013023c3f000 JavaThread "Daemon health stats" [_thread_blocked, id=18956, stack(0x0000002f41f00000,0x0000002f42000000)]
  0x0000013021f67800 JavaThread "Incoming local TCP Connector on port 62633" [_thread_in_native, id=19428, stack(0x0000002f41c00000,0x0000002f41d00000)]
  0x000001302342c800 JavaThread "Daemon periodic checks" [_thread_blocked, id=10284, stack(0x0000002f42000000,0x0000002f42100000)]
  0x0000013022f17800 JavaThread "Daemon" [_thread_blocked, id=17216, stack(0x0000002f42100000,0x0000002f42200000)]
  0x0000013023bde000 JavaThread "Handler for socket connection from /127.0.0.1:62633 to /127.0.0.1:62634" [_thread_in_native, id=14524, stack(0x0000002f42200000,0x0000002f42300000)]
  0x0000013023ea3800 JavaThread "Cancel handler" [_thread_blocked, id=13920, stack(0x0000002f42300000,0x0000002f42400000)]
  0x0000013023efe800 JavaThread "Daemon worker" [_thread_blocked, id=8852, stack(0x0000002f42400000,0x0000002f42500000)]
  0x00000130233fb800 JavaThread "Asynchronous log dispatcher for DefaultDaemonConnection: socket connection from /127.0.0.1:62633 to /127.0.0.1:62634" [_thread_blocked, id=72, stack(0x0000002f42500000,0x0000002f42600000)]
  0x000001302483f800 JavaThread "Stdin handler" [_thread_blocked, id=32, stack(0x0000002f42600000,0x0000002f42700000)]
  0x00000130245ce000 JavaThread "Daemon client event forwarder" [_thread_blocked, id=11064, stack(0x0000002f42700000,0x0000002f42800000)]
  0x00000130245d3000 JavaThread "Cache worker for file hash cache (C:\Users\win10\.gradle\caches\7.0.2\fileHashes)" [_thread_blocked, id=17008, stack(0x0000002f42800000,0x0000002f42900000)]
  0x00000130245ce800 JavaThread "File lock request listener" [_thread_in_native, id=12432, stack(0x0000002f42900000,0x0000002f42a00000)]
  0x00000130245cf800 JavaThread "Cache worker for journal cache (C:\Users\win10\.gradle\caches\journal-1)" [_thread_blocked, id=9840, stack(0x0000002f42b00000,0x0000002f42c00000)]
  0x00000130245cd000 JavaThread "Cache worker for file hash cache (C:\Users\win10\MySampleTexttoSpeech\.gradle\7.0.2\fileHashes)" [_thread_blocked, id=5900, stack(0x0000002f42c00000,0x0000002f42d00000)]
  0x00000130245d1000 JavaThread "File watcher server" daemon [_thread_blocked, id=16924, stack(0x0000002f42d00000,0x0000002f42e00000)]
  0x00000130245d3800 JavaThread "File watcher consumer" daemon [_thread_blocked, id=18020, stack(0x0000002f42e00000,0x0000002f42f00000)]
  0x00000130245d0800 JavaThread "Cache worker for checksums cache (C:\Users\win10\MySampleTexttoSpeech\.gradle\checksums)" [_thread_blocked, id=3340, stack(0x0000002f42f00000,0x0000002f43000000)]
  0x00000130245d2000 JavaThread "Cache worker for cache directory md-supplier (C:\Users\win10\.gradle\caches\7.0.2\md-supplier)" [_thread_blocked, id=348, stack(0x0000002f43000000,0x0000002f43100000)]
  0x000001302219b800 JavaThread "Cache worker for cache directory md-rule (C:\Users\win10\.gradle\caches\7.0.2\md-rule)" [_thread_blocked, id=17388, stack(0x0000002f43100000,0x0000002f43200000)]
  0x000001302219d800 JavaThread "Cache worker for execution history cache (C:\Users\win10\.gradle\caches\7.0.2\executionHistory)" [_thread_blocked, id=15200, stack(0x0000002f43200000,0x0000002f43300000)]
  0x000001302219f800 JavaThread "jar transforms" [_thread_blocked, id=9068, stack(0x0000002f43300000,0x0000002f43400000)]
  0x000001302219b000 JavaThread "jar transforms Thread 2" [_thread_blocked, id=3136, stack(0x0000002f43400000,0x0000002f43500000)]
  0x000001302219c800 JavaThread "Cache worker for file content cache (C:\Users\win10\.gradle\caches\7.0.2\fileContent)" [_thread_blocked, id=2644, stack(0x0000002f43500000,0x0000002f43600000)]
  0x00000130221a1800 JavaThread "Cache worker for dependencies-accessors (C:\Users\win10\MySampleTexttoSpeech\.gradle\7.0.2\dependencies-accessors)" [_thread_blocked, id=16416, stack(0x0000002f43600000,0x0000002f43700000)]
  0x00000130221a2000 JavaThread "jar transforms Thread 3" [_thread_blocked, id=16668, stack(0x0000002f43700000,0x0000002f43800000)]
  0x00000130221a4000 JavaThread "Cache worker for Build Output Cleanup Cache (C:\Users\win10\MySampleTexttoSpeech\.gradle\buildOutputCleanup)" [_thread_blocked, id=17404, stack(0x0000002f43800000,0x0000002f43900000)]
  0x00000130221a3000 JavaThread "Build operations" [_thread_blocked, id=17868, stack(0x0000002f43900000,0x0000002f43a00000)]
  0x000001302219e000 JavaThread "Build operations Thread 2" [_thread_blocked, id=14672, stack(0x0000002f43a00000,0x0000002f43b00000)]
  0x00000130221a8800 JavaThread "Build operations Thread 3" [_thread_blocked, id=6288, stack(0x0000002f43b00000,0x0000002f43c00000)]
  0x00000130221a8000 JavaThread "Build operations Thread 4" [_thread_blocked, id=16204, stack(0x0000002f43c00000,0x0000002f43d00000)]
  0x00000130221a9800 JavaThread "jar transforms Thread 4" [_thread_blocked, id=10176, stack(0x0000002f43d00000,0x0000002f43e00000)]
  0x00000130221a4800 JavaThread "Memory manager" [_thread_blocked, id=14732, stack(0x0000002f43e00000,0x0000002f43f00000)]
  0x00000130221a7000 JavaThread "build event listener" [_thread_blocked, id=15480, stack(0x0000002f43f00000,0x0000002f44000000)]
  0x00000130221a5800 JavaThread "pool-3-thread-1" [_thread_blocked, id=5656, stack(0x0000002f44000000,0x0000002f44100000)]
  0x00000130221a6000 JavaThread "build event listener" [_thread_blocked, id=14448, stack(0x0000002f44100000,0x0000002f44200000)]
  0x000001302a1ce000 JavaThread "Execution worker for ':'" [_thread_blocked, id=16020, stack(0x0000002f44200000,0x0000002f44300000)]
  0x000001302a1cf800 JavaThread "Execution worker for ':' Thread 2" [_thread_blocked, id=2508, stack(0x0000002f44300000,0x0000002f44400000)]
  0x000001302a1d2800 JavaThread "Execution worker for ':' Thread 3" [_thread_blocked, id=16772, stack(0x0000002f44400000,0x0000002f44500000)]
  0x000001302a1cd000 JavaThread "Cache worker for execution history cache (C:\Users\win10\MySampleTexttoSpeech\.gradle\7.0.2\executionHistory)" [_thread_blocked, id=17096, stack(0x0000002f44500000,0x0000002f44600000)]
  0x000001302a1d3800 JavaThread "WorkerExecutor Queue" [_thread_blocked, id=10892, stack(0x0000002f44800000,0x0000002f44900000)]
  0x000001302a1d0000 JavaThread "WorkerExecutor Queue Thread 2" [_thread_blocked, id=1640, stack(0x0000002f44900000,0x0000002f44a00000)]

Other Threads:
  0x000001302133e000 VMThread "VM Thread" [stack: 0x0000002f41100000,0x0000002f41200000] [id=19340]
  0x0000013021e1f000 WatcherThread [stack: 0x0000002f41b00000,0x0000002f41c00000] [id=18496]
  0x0000013007776800 GCTaskThread "GC Thread#0" [stack: 0x0000002f40c00000,0x0000002f40d00000] [id=7360]
  0x0000013022350800 GCTaskThread "GC Thread#1" [stack: 0x0000002f41d00000,0x0000002f41e00000] [id=13316]
  0x0000013021f65800 GCTaskThread "GC Thread#2" [stack: 0x0000002f41e00000,0x0000002f41f00000] [id=2320]
=>0x000001302550f000 GCTaskThread "GC Thread#3" [stack: 0x0000002f42a00000,0x0000002f42b00000] [id=9888]
  0x00000130077a7800 ConcurrentGCThread "G1 Main Marker" [stack: 0x0000002f40d00000,0x0000002f40e00000] [id=17768]
  0x00000130077a8800 ConcurrentGCThread "G1 Conc#0" [stack: 0x0000002f40e00000,0x0000002f40f00000] [id=8544]
  0x0000013007839000 ConcurrentGCThread "G1 Refine#0" [stack: 0x0000002f40f00000,0x0000002f41000000] [id=17104]
  0x000001300783a000 ConcurrentGCThread "G1 Young RemSet Sampling" [stack: 0x0000002f41000000,0x0000002f41100000] [id=1356]

Threads with active compile tasks:
C2 CompilerThread0  38300 10453 %     4       org.objectweb.asm.ClassReader::readCode @ 71 (5089 bytes)

VM state:at safepoint (normal execution)

VM Mutex/Monitor currently owned by a thread:  ([mutex/lock_event])
[0x0000013007759530] Threads_lock - owner thread: 0x000001302133e000
[0x0000013007759b60] Heap_lock - owner thread: 0x00000130077a7800

Heap address: 0x0000000080000000, size: 2048 MB, Compressed Oops mode: 32-bit
Narrow klass base: 0x0000000000000000, Narrow klass shift: 3
Compressed class space size: 1073741824 Address: 0x0000000100000000

Heap:
 garbage-first heap   total 155648K, used 92781K [0x0000000080000000, 0x0000000100000000)
  region size 1024K, 12 young (12288K), 2 survivors (2048K)
 Metaspace       used 89862K, capacity 91928K, committed 92024K, reserved 1128448K
  class space    used 11443K, capacity 12175K, committed 12236K, reserved 1048576K
Heap Regions: E=young(eden), S=young(survivor), O=old, HS=humongous(starts), HC=humongous(continues), CS=collection set, F=free, A=archive, TAMS=top-at-mark-start (previous, next)
|   0|0x0000000080000000, 0x0000000080100000, 0x0000000080100000|100%| O|  |TAMS 0x0000000080100000, 0x0000000080100000| Untracked 
|   1|0x0000000080100000, 0x0000000080200000, 0x0000000080200000|100%| O|  |TAMS 0x0000000080200000, 0x0000000080200000| Untracked 
|   2|0x0000000080200000, 0x0000000080300000, 0x0000000080300000|100%| O|  |TAMS 0x0000000080300000, 0x0000000080300000| Untracked 
|   3|0x0000000080300000, 0x0000000080400000, 0x0000000080400000|100%|HS|  |TAMS 0x0000000080400000, 0x0000000080400000| Complete 
|   4|0x0000000080400000, 0x0000000080500000, 0x0000000080500000|100%|HC|  |TAMS 0x0000000080500000, 0x0000000080500000| Complete 
|   5|0x0000000080500000, 0x0000000080600000, 0x0000000080600000|100%|HC|  |TAMS 0x0000000080600000, 0x0000000080600000| Complete 
|   6|0x0000000080600000, 0x0000000080700000, 0x0000000080700000|100%| O|  |TAMS 0x0000000080700000, 0x0000000080700000| Untracked 
|   7|0x0000000080700000, 0x0000000080800000, 0x0000000080800000|100%| O|  |TAMS 0x0000000080800000, 0x0000000080800000| Untracked 
|   8|0x0000000080800000, 0x0000000080900000, 0x0000000080900000|100%| O|  |TAMS 0x0000000080900000, 0x0000000080900000| Untracked 
|   9|0x0000000080900000, 0x0000000080a00000, 0x0000000080a00000|100%| O|  |TAMS 0x0000000080a00000, 0x0000000080a00000| Untracked 
|  10|0x0000000080a00000, 0x0000000080b00000, 0x0000000080b00000|100%| O|  |TAMS 0x0000000080b00000, 0x0000000080b00000| Untracked 
|  11|0x0000000080b00000, 0x0000000080c00000, 0x0000000080c00000|100%| O|  |TAMS 0x0000000080c00000, 0x0000000080c00000| Untracked 
|  12|0x0000000080c00000, 0x0000000080d00000, 0x0000000080d00000|100%| O|  |TAMS 0x0000000080d00000, 0x0000000080d00000| Untracked 
|  13|0x0000000080d00000, 0x0000000080e00000, 0x0000000080e00000|100%| O|  |TAMS 0x0000000080e00000, 0x0000000080e00000| Untracked 
|  14|0x0000000080e00000, 0x0000000080f00000, 0x0000000080f00000|100%| O|  |TAMS 0x0000000080f00000, 0x0000000080f00000| Untracked 
|  15|0x0000000080f00000, 0x0000000081000000, 0x0000000081000000|100%| O|  |TAMS 0x0000000081000000, 0x0000000081000000| Untracked 
|  16|0x0000000081000000, 0x0000000081100000, 0x0000000081100000|100%|HS|  |TAMS 0x0000000081100000, 0x0000000081100000| Complete 
|  17|0x0000000081100000, 0x0000000081200000, 0x0000000081200000|100%| O|  |TAMS 0x0000000081200000, 0x0000000081200000| Untracked 
|  18|0x0000000081200000, 0x0000000081300000, 0x0000000081300000|100%| O|  |TAMS 0x0000000081300000, 0x0000000081300000| Untracked 
|  19|0x0000000081300000, 0x0000000081400000, 0x0000000081400000|100%| O|  |TAMS 0x0000000081400000, 0x0000000081400000| Untracked 
|  20|0x0000000081400000, 0x0000000081500000, 0x0000000081500000|100%| O|  |TAMS 0x0000000081500000, 0x0000000081500000| Untracked 
|  21|0x0000000081500000, 0x0000000081600000, 0x0000000081600000|100%| O|  |TAMS 0x0000000081600000, 0x0000000081600000| Untracked 
|  22|0x0000000081600000, 0x0000000081700000, 0x0000000081700000|100%| O|  |TAMS 0x0000000081700000, 0x0000000081700000| Untracked 
|  23|0x0000000081700000, 0x0000000081800000, 0x0000000081800000|100%|HS|  |TAMS 0x0000000081800000, 0x0000000081800000| Complete 
|  24|0x0000000081800000, 0x0000000081900000, 0x0000000081900000|100%|HS|  |TAMS 0x0000000081900000, 0x0000000081900000| Complete 
|  25|0x0000000081900000, 0x0000000081a00000, 0x0000000081a00000|100%|HC|  |TAMS 0x0000000081a00000, 0x0000000081a00000| Complete 
|  26|0x0000000081a00000, 0x0000000081b00000, 0x0000000081b00000|100%| O|  |TAMS 0x0000000081b00000, 0x0000000081b00000| Untracked 
|  27|0x0000000081b00000, 0x0000000081c00000, 0x0000000081c00000|100%| O|  |TAMS 0x0000000081c00000, 0x0000000081c00000| Untracked 
|  28|0x0000000081c00000, 0x0000000081d00000, 0x0000000081d00000|100%| O|  |TAMS 0x0000000081d00000, 0x0000000081d00000| Untracked 
|  29|0x0000000081d00000, 0x0000000081e00000, 0x0000000081e00000|100%| O|  |TAMS 0x0000000081e00000, 0x0000000081e00000| Untracked 
|  30|0x0000000081e00000, 0x0000000081f00000, 0x0000000081f00000|100%| O|  |TAMS 0x0000000081f00000, 0x0000000081f00000| Untracked 
|  31|0x0000000081f00000, 0x0000000082000000, 0x0000000082000000|100%| O|  |TAMS 0x0000000082000000, 0x0000000082000000| Untracked 
|  32|0x0000000082000000, 0x0000000082100000, 0x0000000082100000|100%| O|  |TAMS 0x0000000082100000, 0x0000000082100000| Untracked 
|  33|0x0000000082100000, 0x0000000082200000, 0x0000000082200000|100%| O|  |TAMS 0x0000000082200000, 0x0000000082200000| Untracked 
|  34|0x0000000082200000, 0x0000000082300000, 0x0000000082300000|100%| O|  |TAMS 0x0000000082300000, 0x0000000082300000| Untracked 
|  35|0x0000000082300000, 0x0000000082400000, 0x0000000082400000|100%| O|  |TAMS 0x0000000082400000, 0x0000000082400000| Untracked 
|  36|0x0000000082400000, 0x0000000082500000, 0x0000000082500000|100%| O|  |TAMS 0x0000000082500000, 0x0000000082500000| Untracked 
|  37|0x0000000082500000, 0x0000000082600000, 0x0000000082600000|100%| O|  |TAMS 0x0000000082600000, 0x0000000082600000| Untracked 
|  38|0x0000000082600000, 0x0000000082700000, 0x0000000082700000|100%| O|  |TAMS 0x0000000082700000, 0x0000000082700000| Untracked 
|  39|0x0000000082700000, 0x0000000082800000, 0x0000000082800000|100%| O|  |TAMS 0x0000000082800000, 0x0000000082800000| Untracked 
|  40|0x0000000082800000, 0x0000000082900000, 0x0000000082900000|100%| O|  |TAMS 0x0000000082900000, 0x0000000082900000| Untracked 
|  41|0x0000000082900000, 0x0000000082a00000, 0x0000000082a00000|100%| O|  |TAMS 0x0000000082a00000, 0x0000000082a00000| Untracked 
|  42|0x0000000082a00000, 0x0000000082b00000, 0x0000000082b00000|100%| O|  |TAMS 0x0000000082b00000, 0x0000000082b00000| Untracked 
|  43|0x0000000082b00000, 0x0000000082c00000, 0x0000000082c00000|100%| O|  |TAMS 0x0000000082c00000, 0x0000000082c00000| Untracked 
|  44|0x0000000082c00000, 0x0000000082d00000, 0x0000000082d00000|100%| O|  |TAMS 0x0000000082d00000, 0x0000000082d00000| Untracked 
|  45|0x0000000082d00000, 0x0000000082e00000, 0x0000000082e00000|100%| O|  |TAMS 0x0000000082e00000, 0x0000000082e00000| Untracked 
|  46|0x0000000082e00000, 0x0000000082f00000, 0x0000000082f00000|100%| O|  |TAMS 0x0000000082f00000, 0x0000000082f00000| Untracked 
|  47|0x0000000082f00000, 0x0000000083000000, 0x0000000083000000|100%| O|  |TAMS 0x0000000083000000, 0x0000000083000000| Untracked 
|  48|0x0000000083000000, 0x0000000083100000, 0x0000000083100000|100%| O|  |TAMS 0x0000000083100000, 0x0000000083100000| Untracked 
|  49|0x0000000083100000, 0x0000000083200000, 0x0000000083200000|100%| O|  |TAMS 0x0000000083200000, 0x0000000083200000| Untracked 
|  50|0x0000000083200000, 0x0000000083300000, 0x0000000083300000|100%| O|  |TAMS 0x0000000083300000, 0x0000000083300000| Untracked 
|  51|0x0000000083300000, 0x0000000083400000, 0x0000000083400000|100%| O|  |TAMS 0x0000000083400000, 0x0000000083400000| Untracked 
|  52|0x0000000083400000, 0x0000000083500000, 0x0000000083500000|100%| O|  |TAMS 0x0000000083400000, 0x0000000083500000| Untracked 
|  53|0x0000000083500000, 0x0000000083600000, 0x0000000083600000|100%| O|  |TAMS 0x0000000083500000, 0x0000000083600000| Untracked 
|  54|0x0000000083600000, 0x0000000083700000, 0x0000000083700000|100%| O|  |TAMS 0x0000000083700000, 0x0000000083700000| Untracked 
|  55|0x0000000083700000, 0x0000000083800000, 0x0000000083800000|100%| O|  |TAMS 0x0000000083800000, 0x0000000083800000| Untracked 
|  56|0x0000000083800000, 0x0000000083900000, 0x0000000083900000|100%| O|  |TAMS 0x0000000083900000, 0x0000000083900000| Untracked 
|  57|0x0000000083900000, 0x0000000083a00000, 0x0000000083a00000|100%| O|  |TAMS 0x0000000083a00000, 0x0000000083a00000| Untracked 
|  58|0x0000000083a00000, 0x0000000083b00000, 0x0000000083b00000|100%| O|  |TAMS 0x0000000083b00000, 0x0000000083b00000| Untracked 
|  59|0x0000000083b00000, 0x0000000083c00000, 0x0000000083c00000|100%| O|  |TAMS 0x0000000083c00000, 0x0000000083c00000| Untracked 
|  60|0x0000000083c00000, 0x0000000083d00000, 0x0000000083d00000|100%| O|  |TAMS 0x0000000083d00000, 0x0000000083d00000| Untracked 
|  61|0x0000000083d00000, 0x0000000083e00000, 0x0000000083e00000|100%| O|  |TAMS 0x0000000083e00000, 0x0000000083e00000| Untracked 
|  62|0x0000000083e00000, 0x0000000083f00000, 0x0000000083f00000|100%| O|  |TAMS 0x0000000083f00000, 0x0000000083f00000| Untracked 
|  63|0x0000000083f00000, 0x0000000084000000, 0x0000000084000000|100%| O|  |TAMS 0x0000000084000000, 0x0000000084000000| Untracked 
|  64|0x0000000084000000, 0x0000000084100000, 0x0000000084100000|100%| O|  |TAMS 0x0000000084000000, 0x0000000084100000| Untracked 
|  65|0x0000000084100000, 0x0000000084200000, 0x0000000084200000|100%| O|  |TAMS 0x0000000084100000, 0x0000000084200000| Untracked 
|  66|0x0000000084200000, 0x0000000084300000, 0x0000000084300000|100%| O|  |TAMS 0x0000000084300000, 0x0000000084300000| Untracked 
|  67|0x0000000084300000, 0x0000000084400000, 0x0000000084400000|100%| O|  |TAMS 0x0000000084400000, 0x0000000084400000| Untracked 
|  68|0x0000000084400000, 0x0000000084500000, 0x0000000084500000|100%| O|  |TAMS 0x0000000084500000, 0x0000000084500000| Untracked 
|  69|0x0000000084500000, 0x0000000084600000, 0x0000000084600000|100%| O|  |TAMS 0x0000000084600000, 0x0000000084600000| Untracked 
|  70|0x0000000084600000, 0x0000000084700000, 0x0000000084700000|100%| O|  |TAMS 0x0000000084700000, 0x0000000084700000| Untracked 
|  71|0x0000000084700000, 0x0000000084800000, 0x0000000084800000|100%| O|  |TAMS 0x0000000084800000, 0x0000000084800000| Untracked 
|  72|0x0000000084800000, 0x0000000084800000, 0x0000000084900000|  0%| F|  |TAMS 0x0000000084800000, 0x0000000084800000| Untracked 
|  73|0x0000000084900000, 0x0000000084900000, 0x0000000084a00000|  0%| F|  |TAMS 0x0000000084900000, 0x0000000084900000| Untracked 
|  74|0x0000000084a00000, 0x0000000084a00000, 0x0000000084b00000|  0%| F|  |TAMS 0x0000000084a00000, 0x0000000084a00000| Untracked 
|  75|0x0000000084b00000, 0x0000000084b00000, 0x0000000084c00000|  0%| F|  |TAMS 0x0000000084b00000, 0x0000000084b00000| Untracked 
|  76|0x0000000084c00000, 0x0000000084c00000, 0x0000000084d00000|  0%| F|  |TAMS 0x0000000084c00000, 0x0000000084c00000| Untracked 
|  77|0x0000000084d00000, 0x0000000084e00000, 0x0000000084e00000|100%| O|  |TAMS 0x0000000084d00000, 0x0000000084e00000| Untracked 
|  78|0x0000000084e00000, 0x0000000084f00000, 0x0000000084f00000|100%| O|  |TAMS 0x0000000084e00000, 0x0000000084f00000| Untracked 
|  79|0x0000000084f00000, 0x0000000084f87200, 0x0000000085000000| 52%| O|  |TAMS 0x0000000084f00000, 0x0000000084f87200| Untracked 
|  80|0x0000000085000000, 0x0000000085000000, 0x0000000085100000|  0%| F|  |TAMS 0x0000000085000000, 0x0000000085000000| Untracked 
|  81|0x0000000085100000, 0x0000000085100000, 0x0000000085200000|  0%| F|  |TAMS 0x0000000085100000, 0x0000000085100000| Untracked 
|  82|0x0000000085200000, 0x0000000085200000, 0x0000000085300000|  0%| F|  |TAMS 0x0000000085200000, 0x0000000085200000| Untracked 
|  83|0x0000000085300000, 0x0000000085300000, 0x0000000085400000|  0%| F|  |TAMS 0x0000000085300000, 0x0000000085300000| Untracked 
|  84|0x0000000085400000, 0x0000000085400000, 0x0000000085500000|  0%| F|  |TAMS 0x0000000085400000, 0x0000000085400000| Untracked 
|  85|0x0000000085500000, 0x0000000085500000, 0x0000000085600000|  0%| F|  |TAMS 0x0000000085500000, 0x0000000085500000| Untracked 
|  86|0x0000000085600000, 0x0000000085600000, 0x0000000085700000|  0%| F|  |TAMS 0x0000000085600000, 0x0000000085600000| Untracked 
|  87|0x0000000085700000, 0x0000000085700000, 0x0000000085800000|  0%| F|  |TAMS 0x0000000085700000, 0x0000000085700000| Untracked 
|  88|0x0000000085800000, 0x0000000085800000, 0x0000000085900000|  0%| F|  |TAMS 0x0000000085800000, 0x0000000085800000| Untracked 
|  89|0x0000000085900000, 0x0000000085a00000, 0x0000000085a00000|100%| O|  |TAMS 0x0000000085a00000, 0x0000000085a00000| Untracked 
|  90|0x0000000085a00000, 0x0000000085b00000, 0x0000000085b00000|100%| O|  |TAMS 0x0000000085b00000, 0x0000000085b00000| Untracked 
|  91|0x0000000085b00000, 0x0000000085c00000, 0x0000000085c00000|100%| O|  |TAMS 0x0000000085c00000, 0x0000000085c00000| Untracked 
|  92|0x0000000085c00000, 0x0000000085d00000, 0x0000000085d00000|100%| O|  |TAMS 0x0000000085d00000, 0x0000000085d00000| Untracked 
|  93|0x0000000085d00000, 0x0000000085e00000, 0x0000000085e00000|100%| O|  |TAMS 0x0000000085e00000, 0x0000000085e00000| Untracked 
|  94|0x0000000085e00000, 0x0000000085f00000, 0x0000000085f00000|100%| O|  |TAMS 0x0000000085f00000, 0x0000000085f00000| Untracked 
|  95|0x0000000085f00000, 0x0000000086000000, 0x0000000086000000|100%| O|  |TAMS 0x0000000086000000, 0x0000000086000000| Untracked 
|  96|0x0000000086000000, 0x0000000086000000, 0x0000000086100000|  0%| F|  |TAMS 0x0000000086000000, 0x0000000086000000| Untracked 
|  97|0x0000000086100000, 0x0000000086100000, 0x0000000086200000|  0%| F|  |TAMS 0x0000000086100000, 0x0000000086100000| Untracked 
|  98|0x0000000086200000, 0x0000000086200000, 0x0000000086300000|  0%| F|  |TAMS 0x0000000086200000, 0x0000000086200000| Untracked 
|  99|0x0000000086300000, 0x0000000086300000, 0x0000000086400000|  0%| F|  |TAMS 0x0000000086300000, 0x0000000086300000| Untracked 
| 100|0x0000000086400000, 0x0000000086400000, 0x0000000086500000|  0%| F|  |TAMS 0x0000000086400000, 0x0000000086400000| Untracked 
| 101|0x0000000086500000, 0x0000000086500000, 0x0000000086600000|  0%| F|  |TAMS 0x0000000086500000, 0x0000000086500000| Untracked 
| 102|0x0000000086600000, 0x0000000086600000, 0x0000000086700000|  0%| F|  |TAMS 0x0000000086600000, 0x0000000086600000| Untracked 
| 103|0x0000000086700000, 0x0000000086700000, 0x0000000086800000|  0%| F|  |TAMS 0x0000000086700000, 0x0000000086700000| Untracked 
| 104|0x0000000086800000, 0x0000000086800000, 0x0000000086900000|  0%| F|  |TAMS 0x0000000086800000, 0x0000000086800000| Untracked 
| 105|0x0000000086900000, 0x0000000086900000, 0x0000000086a00000|  0%| F|  |TAMS 0x0000000086900000, 0x0000000086900000| Untracked 
| 106|0x0000000086a00000, 0x0000000086a00000, 0x0000000086b00000|  0%| F|  |TAMS 0x0000000086a00000, 0x0000000086a00000| Untracked 
| 107|0x0000000086b00000, 0x0000000086b00000, 0x0000000086c00000|  0%| F|  |TAMS 0x0000000086b00000, 0x0000000086b00000| Untracked 
| 108|0x0000000086c00000, 0x0000000086c00000, 0x0000000086d00000|  0%| F|  |TAMS 0x0000000086c00000, 0x0000000086c00000| Untracked 
| 109|0x0000000086d00000, 0x0000000086d00000, 0x0000000086e00000|  0%| F|  |TAMS 0x0000000086d00000, 0x0000000086d00000| Untracked 
| 110|0x0000000086e00000, 0x0000000086e00000, 0x0000000086f00000|  0%| F|  |TAMS 0x0000000086e00000, 0x0000000086e00000| Untracked 
| 111|0x0000000086f00000, 0x0000000086f00000, 0x0000000087000000|  0%| F|  |TAMS 0x0000000086f00000, 0x0000000086f00000| Untracked 
| 112|0x0000000087000000, 0x0000000087000000, 0x0000000087100000|  0%| F|  |TAMS 0x0000000087000000, 0x0000000087000000| Untracked 
| 113|0x0000000087100000, 0x0000000087114440, 0x0000000087200000|  7%| S|CS|TAMS 0x0000000087100000, 0x0000000087100000| Complete 
| 114|0x0000000087200000, 0x0000000087300000, 0x0000000087300000|100%| S|CS|TAMS 0x0000000087200000, 0x0000000087200000| Complete 
| 115|0x0000000087300000, 0x0000000087300000, 0x0000000087400000|  0%| F|  |TAMS 0x0000000087300000, 0x0000000087300000| Untracked 
| 116|0x0000000087400000, 0x0000000087400000, 0x0000000087500000|  0%| F|  |TAMS 0x0000000087400000, 0x0000000087400000| Untracked 
| 117|0x0000000087500000, 0x0000000087500000, 0x0000000087600000|  0%| F|  |TAMS 0x0000000087500000, 0x0000000087500000| Untracked 
| 118|0x0000000087600000, 0x0000000087600000, 0x0000000087700000|  0%| F|  |TAMS 0x0000000087600000, 0x0000000087600000| Untracked 
| 119|0x0000000087700000, 0x0000000087700000, 0x0000000087800000|  0%| F|  |TAMS 0x0000000087700000, 0x0000000087700000| Untracked 
| 120|0x0000000087800000, 0x0000000087800000, 0x0000000087900000|  0%| F|  |TAMS 0x0000000087800000, 0x0000000087800000| Untracked 
| 121|0x0000000087900000, 0x0000000087900000, 0x0000000087a00000|  0%| F|  |TAMS 0x0000000087900000, 0x0000000087900000| Untracked 
| 122|0x0000000087a00000, 0x0000000087a00000, 0x0000000087b00000|  0%| F|  |TAMS 0x0000000087a00000, 0x0000000087a00000| Untracked 
| 123|0x0000000087b00000, 0x0000000087b00000, 0x0000000087c00000|  0%| F|  |TAMS 0x0000000087b00000, 0x0000000087b00000| Untracked 
| 124|0x0000000087c00000, 0x0000000087c00000, 0x0000000087d00000|  0%| F|  |TAMS 0x0000000087c00000, 0x0000000087c00000| Untracked 
| 125|0x0000000087d00000, 0x0000000087d00000, 0x0000000087e00000|  0%| F|  |TAMS 0x0000000087d00000, 0x0000000087d00000| Untracked 
| 126|0x0000000087e00000, 0x0000000087e00000, 0x0000000087f00000|  0%| F|  |TAMS 0x0000000087e00000, 0x0000000087e00000| Untracked 
| 127|0x0000000087f00000, 0x0000000087f00000, 0x0000000088000000|  0%| F|  |TAMS 0x0000000087f00000, 0x0000000087f00000| Untracked 
| 128|0x0000000088000000, 0x0000000088000000, 0x0000000088100000|  0%| F|  |TAMS 0x0000000088000000, 0x0000000088000000| Untracked 
| 129|0x0000000088100000, 0x0000000088100000, 0x0000000088200000|  0%| F|  |TAMS 0x0000000088100000, 0x0000000088100000| Untracked 
| 130|0x0000000088200000, 0x0000000088200000, 0x0000000088300000|  0%| F|  |TAMS 0x0000000088200000, 0x0000000088200000| Untracked 
| 131|0x0000000088300000, 0x0000000088300000, 0x0000000088400000|  0%| F|  |TAMS 0x0000000088300000, 0x0000000088300000| Untracked 
| 132|0x0000000088400000, 0x0000000088400000, 0x0000000088500000|  0%| F|  |TAMS 0x0000000088400000, 0x0000000088400000| Untracked 
| 133|0x0000000088500000, 0x0000000088500000, 0x0000000088600000|  0%| F|  |TAMS 0x0000000088500000, 0x0000000088500000| Untracked 
| 134|0x0000000088600000, 0x0000000088600000, 0x0000000088700000|  0%| F|  |TAMS 0x0000000088600000, 0x0000000088600000| Untracked 
| 135|0x0000000088700000, 0x0000000088700000, 0x0000000088800000|  0%| F|  |TAMS 0x0000000088700000, 0x0000000088700000| Untracked 
| 136|0x0000000088800000, 0x0000000088800000, 0x0000000088900000|  0%| F|  |TAMS 0x0000000088800000, 0x0000000088800000| Untracked 
| 137|0x0000000088900000, 0x0000000088900000, 0x0000000088a00000|  0%| F|  |TAMS 0x0000000088900000, 0x0000000088900000| Untracked 
| 138|0x0000000088a00000, 0x0000000088a00000, 0x0000000088b00000|  0%| F|  |TAMS 0x0000000088a00000, 0x0000000088a00000| Untracked 
| 139|0x0000000088b00000, 0x0000000088b00000, 0x0000000088c00000|  0%| F|  |TAMS 0x0000000088b00000, 0x0000000088b00000| Untracked 
| 140|0x0000000088c00000, 0x0000000088c00000, 0x0000000088d00000|  0%| F|  |TAMS 0x0000000088c00000, 0x0000000088c00000| Untracked 
| 141|0x0000000088d00000, 0x0000000088d00000, 0x0000000088e00000|  0%| F|  |TAMS 0x0000000088d00000, 0x0000000088d00000| Untracked 
| 142|0x0000000088e00000, 0x0000000088e68cb0, 0x0000000088f00000| 40%| E|  |TAMS 0x0000000088e00000, 0x0000000088e00000| Complete 
| 143|0x0000000088f00000, 0x0000000089000000, 0x0000000089000000|100%| E|CS|TAMS 0x0000000088f00000, 0x0000000088f00000| Complete 
| 144|0x0000000089000000, 0x0000000089100000, 0x0000000089100000|100%| E|CS|TAMS 0x0000000089000000, 0x0000000089000000| Complete 
| 145|0x0000000089100000, 0x0000000089200000, 0x0000000089200000|100%| E|CS|TAMS 0x0000000089100000, 0x0000000089100000| Complete 
| 146|0x0000000089200000, 0x0000000089300000, 0x0000000089300000|100%| E|CS|TAMS 0x0000000089200000, 0x0000000089200000| Complete 
| 147|0x0000000089300000, 0x0000000089400000, 0x0000000089400000|100%| E|CS|TAMS 0x0000000089300000, 0x0000000089300000| Complete 
| 148|0x0000000089400000, 0x0000000089500000, 0x0000000089500000|100%| E|CS|TAMS 0x0000000089400000, 0x0000000089400000| Complete 
| 149|0x0000000089500000, 0x0000000089600000, 0x0000000089600000|100%| E|  |TAMS 0x0000000089500000, 0x0000000089500000| Complete 
| 150|0x0000000089600000, 0x0000000089700000, 0x0000000089700000|100%| E|CS|TAMS 0x0000000089600000, 0x0000000089600000| Complete 
| 151|0x0000000089700000, 0x0000000089800000, 0x0000000089800000|100%| E|CS|TAMS 0x0000000089700000, 0x0000000089700000| Complete 

Card table byte_map: [0x000001301a650000,0x000001301aa50000] _byte_map_base: 0x000001301a250000

Marking Bits (Prev, Next): (CMBitMap*) 0x000001300779e880, (CMBitMap*) 0x000001300779e848
 Prev Bits: [0x000001301ce50000, 0x000001301ee50000)
 Next Bits: [0x000001301ae50000, 0x000001301ce50000)

Polling page: 0x00000130056d0000

Metaspace:

Usage:
  Non-class:     77.88 MB capacity,    76.58 MB ( 98%) used,     1.07 MB (  1%) free+waste,   243.06 KB ( <1%) overhead. 
      Class:     11.89 MB capacity,    11.17 MB ( 94%) used,   623.71 KB (  5%) free+waste,   108.25 KB ( <1%) overhead. 
       Both:     89.77 MB capacity,    87.76 MB ( 98%) used,     1.67 MB (  2%) free+waste,   351.31 KB ( <1%) overhead. 

Virtual space:
  Non-class space:       78.00 MB reserved,      77.92 MB (>99%) committed 
      Class space:        1.00 GB reserved,      11.95 MB (  1%) committed 
             Both:        1.08 GB reserved,      89.87 MB (  8%) committed 

Chunk freelists:
   Non-Class:  35.00 KB
       Class:  17.00 KB
        Both:  52.00 KB

MaxMetaspaceSize: 17179869184.00 GB
CompressedClassSpaceSize: 1.00 GB

CodeHeap 'non-profiled nmethods': size=120064Kb used=5725Kb max_used=5725Kb free=114338Kb
 bounds [0x0000013012d10000, 0x00000130132b0000, 0x000001301a250000]
CodeHeap 'profiled nmethods': size=120000Kb used=22495Kb max_used=22495Kb free=97504Kb
 bounds [0x000001300b7e0000, 0x000001300cde0000, 0x0000013012d10000]
CodeHeap 'non-nmethods': size=5696Kb used=2305Kb max_used=2336Kb free=3390Kb
 bounds [0x000001300b250000, 0x000001300b4c0000, 0x000001300b7e0000]
 total_blobs=11406 nmethods=10506 adapters=811
 compilation: enabled
              stopped_count=0, restarted_count=0
 full_count=0

Compilation events (20 events):
Event: 37.853 Thread 0x0000013021367000 10682       2       kotlin.reflect.jvm.internal.impl.name.FqName::isRoot (8 bytes)
Event: 37.854 Thread 0x0000013021367000 nmethod 10682 0x000001300cdd4990 code [0x000001300cdd4b40, 0x000001300cdd4c78]
Event: 37.856 Thread 0x0000013021367000 10683       2       kotlin.reflect.jvm.internal.impl.name.Name::<init> (23 bytes)
Event: 37.857 Thread 0x0000013021367000 nmethod 10683 0x000001300cdd4d90 code [0x000001300cdd4f40, 0x000001300cdd50c8]
Event: 37.868 Thread 0x0000013021367000 10684       2       kotlin.reflect.jvm.internal.impl.name.Name::identifier (18 bytes)
Event: 37.868 Thread 0x0000013021367000 nmethod 10684 0x000001300cdd5190 code [0x000001300cdd5360, 0x000001300cdd5558]
Event: 37.868 Thread 0x0000013021367000 10685       2       kotlin.reflect.jvm.internal.impl.protobuf.CodedInputStream::readRawVarint32 (233 bytes)
Event: 37.868 Thread 0x0000013021367000 nmethod 10685 0x000001300cdd5690 code [0x000001300cdd5860, 0x000001300cdd5c28]
Event: 37.868 Thread 0x0000013021367000 10686       2       kotlin.reflect.jvm.internal.impl.protobuf.CodedInputStream::readTag (41 bytes)
Event: 37.869 Thread 0x0000013021367000 nmethod 10686 0x000001300cdd5e10 code [0x000001300cdd5fe0, 0x000001300cdd61c8]
Event: 37.869 Thread 0x0000013021367000 10687       2       kotlin.reflect.jvm.internal.impl.protobuf.CodedInputStream::isAtEnd (25 bytes)
Event: 37.869 Thread 0x0000013021367000 nmethod 10687 0x000001300cdd6310 code [0x000001300cdd64c0, 0x000001300cdd6608]
Event: 37.869 Thread 0x0000013021367000 10688       2       kotlin.reflect.jvm.internal.impl.name.FqName::<init> (18 bytes)
Event: 37.869 Thread 0x0000013021367000 nmethod 10688 0x000001300cdd6690 code [0x000001300cdd6840, 0x000001300cdd69c8]
Event: 37.870 Thread 0x0000013021367000 10689       2       kotlin.text.StringsKt__StringsJVMKt::replace (148 bytes)
Event: 37.872 Thread 0x0000013021367000 nmethod 10689 0x000001300cdd6a90 code [0x000001300cdd6d20, 0x000001300cdd74b8]
Event: 37.881 Thread 0x0000013021367000 10690       2       org.gradle.internal.typeconversion.NotationParserBuilder::converter (13 bytes)
Event: 37.881 Thread 0x0000013021367000 nmethod 10690 0x000001300cdd7b10 code [0x000001300cdd7cc0, 0x000001300cdd7de8]
Event: 37.884 Thread 0x0000013021367000 10691       1       org.gradle.cache.internal.btree.BTreePersistentIndexedCache$IndexBlock::getType (3 bytes)
Event: 37.884 Thread 0x0000013021367000 nmethod 10691 0x00000130132a7310 code [0x00000130132a74c0, 0x00000130132a7578]

GC Heap History (20 events):
Event: 25.698 GC heap before
{Heap before GC invocations=14 (full 0):
 garbage-first heap   total 155648K, used 101966K [0x0000000080000000, 0x0000000100000000)
  region size 1024K, 59 young (60416K), 6 survivors (6144K)
 Metaspace       used 66695K, capacity 68281K, committed 68396K, reserved 1107968K
  class space    used 8428K, capacity 9001K, committed 9036K, reserved 1048576K
}
Event: 25.716 GC heap after
{Heap after GC invocations=15 (full 0):
 garbage-first heap   total 155648K, used 52908K [0x0000000080000000, 0x0000000100000000)
  region size 1024K, 5 young (5120K), 5 survivors (5120K)
 Metaspace       used 66695K, capacity 68281K, committed 68396K, reserved 1107968K
  class space    used 8428K, capacity 9001K, committed 9036K, reserved 1048576K
}
Event: 27.701 GC heap before
{Heap before GC invocations=16 (full 0):
 garbage-first heap   total 155648K, used 117420K [0x0000000080000000, 0x0000000100000000)
  region size 1024K, 68 young (69632K), 5 survivors (5120K)
 Metaspace       used 73869K, capacity 75617K, committed 75768K, reserved 1114112K
  class space    used 9599K, capacity 10233K, committed 10316K, reserved 1048576K
}
Event: 27.714 GC heap after
{Heap after GC invocations=17 (full 0):
 garbage-first heap   total 155648K, used 56348K [0x0000000080000000, 0x0000000100000000)
  region size 1024K, 8 young (8192K), 8 survivors (8192K)
 Metaspace       used 73869K, capacity 75617K, committed 75768K, reserved 1114112K
  class space    used 9599K, capacity 10233K, committed 10316K, reserved 1048576K
}
Event: 29.541 GC heap before
{Heap before GC invocations=18 (full 0):
 garbage-first heap   total 155648K, used 119836K [0x0000000080000000, 0x0000000100000000)
  region size 1024K, 71 young (72704K), 8 survivors (8192K)
 Metaspace       used 80698K, capacity 82587K, committed 82808K, reserved 1120256K
  class space    used 10440K, capacity 11119K, committed 11212K, reserved 1048576K
}
Event: 29.567 GC heap after
{Heap after GC invocations=19 (full 0):
 garbage-first heap   total 155648K, used 62223K [0x0000000080000000, 0x0000000100000000)
  region size 1024K, 9 young (9216K), 9 survivors (9216K)
 Metaspace       used 80698K, capacity 82587K, committed 82808K, reserved 1120256K
  class space    used 10440K, capacity 11119K, committed 11212K, reserved 1048576K
}
Event: 32.665 GC heap before
{Heap before GC invocations=19 (full 0):
 garbage-first heap   total 155648K, used 124687K [0x0000000080000000, 0x0000000100000000)
  region size 1024K, 68 young (69632K), 9 survivors (9216K)
 Metaspace       used 82559K, capacity 84615K, committed 84856K, reserved 1122304K
  class space    used 10661K, capacity 11390K, committed 11468K, reserved 1048576K
}
Event: 32.693 GC heap after
{Heap after GC invocations=20 (full 0):
 garbage-first heap   total 155648K, used 70656K [0x0000000080000000, 0x0000000100000000)
  region size 1024K, 6 young (6144K), 6 survivors (6144K)
 Metaspace       used 82559K, capacity 84615K, committed 84856K, reserved 1122304K
  class space    used 10661K, capacity 11390K, committed 11468K, reserved 1048576K
}
Event: 33.543 GC heap before
{Heap before GC invocations=20 (full 0):
 garbage-first heap   total 155648K, used 109568K [0x0000000080000000, 0x0000000100000000)
  region size 1024K, 42 young (43008K), 6 survivors (6144K)
 Metaspace       used 83576K, capacity 85629K, committed 85752K, reserved 1124352K
  class space    used 10764K, capacity 11494K, committed 11596K, reserved 1048576K
}
Event: 33.571 GC heap after
{Heap after GC invocations=21 (full 0):
 garbage-first heap   total 155648K, used 86016K [0x0000000080000000, 0x0000000100000000)
  region size 1024K, 8 young (8192K), 8 survivors (8192K)
 Metaspace       used 83576K, capacity 85629K, committed 85752K, reserved 1124352K
  class space    used 10764K, capacity 11494K, committed 11596K, reserved 1048576K
}
Event: 35.159 GC heap before
{Heap before GC invocations=22 (full 0):
 garbage-first heap   total 155648K, used 130048K [0x0000000080000000, 0x0000000100000000)
  region size 1024K, 40 young (40960K), 8 survivors (8192K)
 Metaspace       used 85555K, capacity 87609K, committed 87672K, reserved 1126400K
  class space    used 10953K, capacity 11706K, committed 11724K, reserved 1048576K
}
Event: 35.184 GC heap after
{Heap after GC invocations=23 (full 0):
 garbage-first heap   total 155648K, used 87421K [0x0000000080000000, 0x0000000100000000)
  region size 1024K, 3 young (3072K), 3 survivors (3072K)
 Metaspace       used 85555K, capacity 87609K, committed 87672K, reserved 1126400K
  class space    used 10953K, capacity 11706K, committed 11724K, reserved 1048576K
}
Event: 36.588 GC heap before
{Heap before GC invocations=23 (full 0):
 garbage-first heap   total 155648K, used 119165K [0x0000000080000000, 0x0000000100000000)
  region size 1024K, 35 young (35840K), 3 survivors (3072K)
 Metaspace       used 86677K, capacity 88742K, committed 88824K, reserved 1126400K
  class space    used 11070K, capacity 11823K, committed 11852K, reserved 1048576K
}
Event: 36.600 GC heap after
{Heap after GC invocations=24 (full 0):
 garbage-first heap   total 155648K, used 88920K [0x0000000080000000, 0x0000000100000000)
  region size 1024K, 4 young (4096K), 4 survivors (4096K)
 Metaspace       used 86677K, capacity 88742K, committed 88824K, reserved 1126400K
  class space    used 11070K, capacity 11823K, committed 11852K, reserved 1048576K
}
Event: 36.907 GC heap before
{Heap before GC invocations=25 (full 0):
 garbage-first heap   total 155648K, used 119640K [0x0000000080000000, 0x0000000100000000)
  region size 1024K, 37 young (37888K), 4 survivors (4096K)
 Metaspace       used 87510K, capacity 89576K, committed 89720K, reserved 1126400K
  class space    used 11147K, capacity 11908K, committed 11980K, reserved 1048576K
}
Event: 36.916 GC heap after
{Heap after GC invocations=26 (full 0):
 garbage-first heap   total 155648K, used 88470K [0x0000000080000000, 0x0000000100000000)
  region size 1024K, 4 young (4096K), 4 survivors (4096K)
 Metaspace       used 87510K, capacity 89576K, committed 89720K, reserved 1126400K
  class space    used 11147K, capacity 11908K, committed 11980K, reserved 1048576K
}
Event: 36.928 GC heap before
{Heap before GC invocations=26 (full 0):
 garbage-first heap   total 155648K, used 91542K [0x0000000080000000, 0x0000000100000000)
  region size 1024K, 7 young (7168K), 4 survivors (4096K)
 Metaspace       used 87560K, capacity 89640K, committed 89976K, reserved 1128448K
  class space    used 11154K, capacity 11908K, committed 11980K, reserved 1048576K
}
Event: 36.937 GC heap after
{Heap after GC invocations=27 (full 0):
 garbage-first heap   total 155648K, used 84067K [0x0000000080000000, 0x0000000100000000)
  region size 1024K, 1 young (1024K), 1 survivors (1024K)
 Metaspace       used 87560K, capacity 89640K, committed 89976K, reserved 1128448K
  class space    used 11154K, capacity 11908K, committed 11980K, reserved 1048576K
}
Event: 37.729 GC heap before
{Heap before GC invocations=27 (full 0):
 garbage-first heap   total 155648K, used 119907K [0x0000000080000000, 0x0000000100000000)
  region size 1024K, 37 young (37888K), 1 survivors (1024K)
 Metaspace       used 89380K, capacity 91509K, committed 91768K, reserved 1128448K
  class space    used 11385K, capacity 12143K, committed 12236K, reserved 1048576K
}
Event: 37.736 GC heap after
{Heap after GC invocations=28 (full 0):
 garbage-first heap   total 155648K, used 84589K [0x0000000080000000, 0x0000000100000000)
  region size 1024K, 2 young (2048K), 2 survivors (2048K)
 Metaspace       used 89380K, capacity 91509K, committed 91768K, reserved 1128448K
  class space    used 11385K, capacity 12143K, committed 12236K, reserved 1048576K
}

Deoptimization events (20 events):
Event: 36.752 Thread 0x00000130221a8800 DEOPT PACKING pc=0x0000013013290c54 sp=0x0000002f43bfae50
Event: 36.752 Thread 0x00000130221a8800 DEOPT UNPACKING pc=0x000001300b2583af sp=0x0000002f43bfadc0 mode 2
Event: 36.857 Thread 0x000001302a1d3800 Uncommon trap: trap_request=0xffffff4d fr.pc=0x00000130131ecf20 relative=0x0000000000000080
Event: 36.857 Thread 0x000001302a1d3800 Uncommon trap: reason=unstable_if action=reinterpret pc=0x00000130131ecf20 method=java.lang.CharacterDataLatin1.isJavaIdentifierPart(I)Z @ 11 c2
Event: 36.857 Thread 0x000001302a1d3800 DEOPT PACKING pc=0x00000130131ecf20 sp=0x0000002f448fa3b0
Event: 36.857 Thread 0x000001302a1d3800 DEOPT UNPACKING pc=0x000001300b2583af sp=0x0000002f448fa328 mode 2
Event: 37.005 Thread 0x00000130245cf800 Uncommon trap: trap_request=0xffffffbe fr.pc=0x00000130132489b8 relative=0x0000000000000278
Event: 37.005 Thread 0x00000130245cf800 Uncommon trap: reason=profile_predicate action=maybe_recompile pc=0x00000130132489b8 method=java.util.Collections.indexedBinarySearch(Ljava/util/List;Ljava/lang/Object;)I @ 13 c2
Event: 37.005 Thread 0x00000130245cf800 DEOPT PACKING pc=0x00000130132489b8 sp=0x0000002f42bfe680
Event: 37.005 Thread 0x00000130245cf800 DEOPT UNPACKING pc=0x000001300b2583af sp=0x0000002f42bfe600 mode 2
Event: 37.034 Thread 0x0000013023efe800 Uncommon trap: trap_request=0xffffff4d fr.pc=0x0000013013257abc relative=0x000000000000195c
Event: 37.034 Thread 0x0000013023efe800 Uncommon trap: reason=unstable_if action=reinterpret pc=0x0000013013257abc method=org.gradle.internal.fingerprint.classpath.impl.ClasspathFingerprintingStrategy$ClasspathFingerprintingVisitor$1.visitRegularFile(Lorg/gradle/internal/snapshot/RegularFileSna
Event: 37.034 Thread 0x0000013023efe800 DEOPT PACKING pc=0x0000013013257abc sp=0x0000002f424f9560
Event: 37.034 Thread 0x0000013023efe800 DEOPT UNPACKING pc=0x000001300b2583af sp=0x0000002f424f93f0 mode 2
Event: 37.326 Thread 0x00000130221a3000 Uncommon trap: trap_request=0xffffff4d fr.pc=0x000001301319b970 relative=0x0000000000000250
Event: 37.326 Thread 0x00000130221a3000 Uncommon trap: reason=unstable_if action=reinterpret pc=0x000001301319b970 method=java.io.BufferedOutputStream.write(I)V @ 9 c2
Event: 37.326 Thread 0x00000130221a3000 DEOPT PACKING pc=0x000001301319b970 sp=0x0000002f439fabf0
Event: 37.326 Thread 0x00000130221a3000 DEOPT UNPACKING pc=0x000001300b2583af sp=0x0000002f439fab98 mode 2
Event: 37.405 Thread 0x000001302a1d3800 DEOPT PACKING pc=0x000001300cbb4ed5 sp=0x0000002f448fb8e0
Event: 37.405 Thread 0x000001302a1d3800 DEOPT UNPACKING pc=0x000001300b278ede sp=0x0000002f448fae00 mode 0

Classes redefined (0 events):
No events

Internal exceptions (20 events):
Event: 30.298 Thread 0x00000130221a3000 Exception <a 'java/lang/NoSuchMethodError'{0x0000000088e23fe0}: 'java.lang.Object java.lang.invoke.DirectMethodHandle$Holder.invokeSpecialIFC(java.lang.Object, java.lang.Object, java.lang.Object)'> (0x0000000088e23fe0) thrown at [./src/hotspot/share/interpreter/linkResolver.cpp, line 773]
Event: 30.298 Thread 0x000001302a1cf800 Exception <a 'java/lang/NoSuchMethodError'{0x0000000088e2bdd8}: 'java.lang.Object java.lang.invoke.DirectMethodHandle$Holder.invokeSpecialIFC(java.lang.Object, java.lang.Object, java.lang.Object)'> (0x0000000088e2bdd8) thrown at [./src/hotspot/share/interpreter/linkResolver.cpp, line 773]
Event: 30.618 Thread 0x00000130221a8800 Exception <a 'java/lang/NoSuchMethodError'{0x0000000088d78448}: 'void java.lang.invoke.DirectMethodHandle$Holder.invokeVirtual(java.lang.Object, java.lang.Object)'> (0x0000000088d78448) thrown at [./src/hotspot/share/interpreter/linkResolver.cpp, line 773]
Event: 30.695 Thread 0x00000130221a8800 Exception <a 'java/lang/NoSuchMethodError'{0x0000000088791388}: 'void java.lang.invoke.DirectMethodHandle$Holder.invokeStatic(java.lang.Object, java.lang.Object, java.lang.Object, java.lang.Object, java.lang.Object, java.lang.Object, java.lang.Object)'> (0x0000000088791388) thrown at [./src/hotspot/share/interpreter/linkResolver.cpp, line 773]
Event: 33.800 Thread 0x0000013023efe800 Exception <a 'java/lang/NoSuchMethodError'{0x0000000089579c88}: <clinit>> (0x0000000089579c88) thrown at [./src/hotspot/share/prims/jni.cpp, line 1362]
Event: 33.819 Thread 0x0000013023efe800 Exception <a 'java/lang/NoSuchMethodError'{0x00000000895b27e0}: <clinit>> (0x00000000895b27e0) thrown at [./src/hotspot/share/prims/jni.cpp, line 1362]
Event: 36.050 Thread 0x000001302a1ce000 Exception <a 'java/lang/NoSuchMethodError'{0x00000000887a40a0}: <clinit>> (0x00000000887a40a0) thrown at [./src/hotspot/share/prims/jni.cpp, line 1362]
Event: 36.050 Thread 0x000001302a1ce000 Exception <a 'java/lang/NoSuchMethodError'{0x00000000887a53c0}: <clinit>> (0x00000000887a53c0) thrown at [./src/hotspot/share/prims/jni.cpp, line 1362]
Event: 36.050 Thread 0x000001302a1ce000 Exception <a 'java/lang/NoSuchMethodError'{0x00000000887a7b20}: <clinit>> (0x00000000887a7b20) thrown at [./src/hotspot/share/prims/jni.cpp, line 1362]
Event: 36.052 Thread 0x000001302a1ce000 Exception <a 'java/lang/NoSuchMethodError'{0x00000000887c16a8}: <clinit>> (0x00000000887c16a8) thrown at [./src/hotspot/share/prims/jni.cpp, line 1362]
Event: 36.052 Thread 0x000001302a1ce000 Exception <a 'java/lang/NoSuchMethodError'{0x00000000887c2b88}: <clinit>> (0x00000000887c2b88) thrown at [./src/hotspot/share/prims/jni.cpp, line 1362]
Event: 36.126 Thread 0x000001302a1ce000 Exception <a 'java/lang/NoSuchMethodError'{0x00000000885a37a8}: <clinit>> (0x00000000885a37a8) thrown at [./src/hotspot/share/prims/jni.cpp, line 1362]
Event: 36.131 Thread 0x000001302a1ce000 Exception <a 'java/lang/NoSuchMethodError'{0x00000000885d3e40}: <clinit>> (0x00000000885d3e40) thrown at [./src/hotspot/share/prims/jni.cpp, line 1362]
Event: 36.133 Thread 0x000001302a1ce000 Exception <a 'java/lang/NoSuchMethodError'{0x00000000885e6e60}: <clinit>> (0x00000000885e6e60) thrown at [./src/hotspot/share/prims/jni.cpp, line 1362]
Event: 36.404 Thread 0x00000130221a8800 Implicit null exception at 0x0000013013281ff7 to 0x00000130132827e8
Event: 36.958 Thread 0x00000130221a8800 Exception <a 'sun/nio/fs/WindowsException'{0x0000000089174480}> (0x0000000089174480) thrown at [./src/hotspot/share/prims/jni.cpp, line 615]
Event: 37.050 Thread 0x0000013023efe800 Exception <a 'java/lang/NoSuchMethodError'{0x0000000088d8e350}: 'int java.lang.invoke.DirectMethodHandle$Holder.invokeSpecial(java.lang.Object, java.lang.Object, java.lang.Object, java.lang.Object, java.lang.Object)'> (0x0000000088d8e350) thrown at [./src/hotspot/share/interpreter/linkResolver.cpp, line 773]
Event: 37.288 Thread 0x00000130221a3000 Exception <a 'sun/nio/fs/WindowsException'{0x0000000088341b78}> (0x0000000088341b78) thrown at [./src/hotspot/share/prims/jni.cpp, line 615]
Event: 37.401 Thread 0x00000130221a3000 Exception <a 'sun/nio/fs/WindowsException'{0x0000000087eaa690}> (0x0000000087eaa690) thrown at [./src/hotspot/share/prims/jni.cpp, line 615]
Event: 37.737 Thread 0x0000013023efe800 Exception <a 'sun/nio/fs/WindowsException'{0x0000000089700280}> (0x0000000089700280) thrown at [./src/hotspot/share/prims/jni.cpp, line 615]

Events (20 events):
Event: 37.863 loading class kotlin/reflect/jvm/internal/impl/serialization/deserialization/descriptors/DeserializedMemberScope$OptimizedImplementation$properties$1 done
Event: 37.864 loading class kotlin/reflect/jvm/internal/impl/serialization/deserialization/descriptors/DeserializedMemberScope$OptimizedImplementation$typeAliasByName$1
Event: 37.864 loading class kotlin/reflect/jvm/internal/impl/serialization/deserialization/descriptors/DeserializedMemberScope$OptimizedImplementation$typeAliasByName$1 done
Event: 37.864 loading class kotlin/reflect/jvm/internal/impl/serialization/deserialization/descriptors/DeserializedMemberScope$OptimizedImplementation$functionNames$2
Event: 37.864 loading class kotlin/reflect/jvm/internal/impl/serialization/deserialization/descriptors/DeserializedMemberScope$OptimizedImplementation$functionNames$2 done
Event: 37.865 loading class kotlin/reflect/jvm/internal/impl/serialization/deserialization/descriptors/DeserializedMemberScope$OptimizedImplementation$variableNames$2
Event: 37.865 loading class kotlin/reflect/jvm/internal/impl/serialization/deserialization/descriptors/DeserializedMemberScope$OptimizedImplementation$variableNames$2 done
Event: 37.866 loading class kotlin/reflect/jvm/internal/impl/serialization/deserialization/descriptors/DeserializedMemberScope$classNames$2
Event: 37.866 loading class kotlin/reflect/jvm/internal/impl/serialization/deserialization/descriptors/DeserializedMemberScope$classNames$2 done
Event: 37.866 loading class kotlin/reflect/jvm/internal/impl/serialization/deserialization/descriptors/DeserializedMemberScope$classifierNamesLazy$2
Event: 37.866 loading class kotlin/reflect/jvm/internal/impl/serialization/deserialization/descriptors/DeserializedMemberScope$classifierNamesLazy$2 done
Event: 37.866 loading class kotlin/reflect/jvm/internal/impl/serialization/deserialization/descriptors/DeserializedClassDescriptor$DeserializedClassMemberScope$allDescriptors$1
Event: 37.866 loading class kotlin/reflect/jvm/internal/impl/serialization/deserialization/descriptors/DeserializedClassDescriptor$DeserializedClassMemberScope$allDescriptors$1 done
Event: 37.867 loading class kotlin/reflect/jvm/internal/impl/serialization/deserialization/descriptors/DeserializedClassDescriptor$DeserializedClassMemberScope$refinedSupertypes$1
Event: 37.867 loading class kotlin/reflect/jvm/internal/impl/serialization/deserialization/descriptors/DeserializedClassDescriptor$DeserializedClassMemberScope$refinedSupertypes$1 done
Event: 37.869 loading class com/android/build/api/artifact/SingleArtifact$PUBLIC_ANDROID_RESOURCES_LIST
Event: 37.869 loading class com/android/build/api/artifact/SingleArtifact$PUBLIC_ANDROID_RESOURCES_LIST done
Event: 37.870 loading class kotlin/reflect/jvm/internal/UtilKt
Event: 37.870 loading class kotlin/reflect/jvm/internal/UtilKt done
Event: 37.886 Executing VM operation: CGC_Operation


Dynamic libraries:
0x00007ff7d9bc0000 - 0x00007ff7d9bca000 	C:\Program Files\Android\Android Studio2\jre\bin\java.exe
0x00007ff814850000 - 0x00007ff814a45000 	C:\Windows\SYSTEM32\ntdll.dll
0x00007ff8134d0000 - 0x00007ff81358e000 	C:\Windows\System32\KERNEL32.DLL
0x00007ff812150000 - 0x00007ff812418000 	C:\Windows\System32\KERNELBASE.dll
0x00007ff811f70000 - 0x00007ff812070000 	C:\Windows\System32\ucrtbase.dll
0x00007ffff4300000 - 0x00007ffff4319000 	C:\Program Files\Android\Android Studio2\jre\bin\jli.dll
0x00007fffc7900000 - 0x00007fffc7917000 	C:\Program Files\Android\Android Studio2\jre\bin\VCRUNTIME140.dll
0x00007ff813c40000 - 0x00007ff813de1000 	C:\Windows\System32\USER32.dll
0x00007ff812470000 - 0x00007ff812492000 	C:\Windows\System32\win32u.dll
0x00007ffff4440000 - 0x00007ffff46da000 	C:\Windows\WinSxS\amd64_microsoft.windows.common-controls_6595b64144ccf1df_6.0.19041.1110_none_60b5254171f9507e\COMCTL32.dll
0x00007ff813920000 - 0x00007ff81394b000 	C:\Windows\System32\GDI32.dll
0x00007ff812700000 - 0x00007ff81280b000 	C:\Windows\System32\gdi32full.dll
0x00007ff814740000 - 0x00007ff8147de000 	C:\Windows\System32\msvcrt.dll
0x00007ff812500000 - 0x00007ff81259d000 	C:\Windows\System32\msvcp_win.dll
0x00007ff8147e0000 - 0x00007ff814810000 	C:\Windows\System32\IMM32.DLL
0x00007fffaeeb0000 - 0x00007fffaef4d000 	C:\Program Files\Android\Android Studio2\jre\bin\msvcp140.dll
0x00007fff7ef60000 - 0x00007fff7fa2f000 	C:\Program Files\Android\Android Studio2\jre\bin\server\jvm.dll
0x00007ff813800000 - 0x00007ff8138ac000 	C:\Windows\System32\ADVAPI32.dll
0x00007ff813650000 - 0x00007ff8136eb000 	C:\Windows\System32\sechost.dll
0x00007ff813960000 - 0x00007ff813a8a000 	C:\Windows\System32\RPCRT4.dll
0x00007ff813950000 - 0x00007ff813958000 	C:\Windows\System32\PSAPI.DLL
0x00007ffff53f0000 - 0x00007ffff5417000 	C:\Windows\SYSTEM32\WINMM.dll
0x00007ff804630000 - 0x00007ff80463a000 	C:\Windows\SYSTEM32\VERSION.dll
0x00007ff80d680000 - 0x00007ff80d689000 	C:\Windows\SYSTEM32\WSOCK32.dll
0x00007ff813460000 - 0x00007ff8134cb000 	C:\Windows\System32\WS2_32.dll
0x00007ff810b40000 - 0x00007ff810b52000 	C:\Windows\SYSTEM32\kernel.appcore.dll
0x00007fffee240000 - 0x00007fffee251000 	C:\Program Files\Android\Android Studio2\jre\bin\verify.dll
0x00007ff810500000 - 0x00007ff8106e4000 	C:\Windows\SYSTEM32\DBGHELP.DLL
0x00007ffff8d90000 - 0x00007ffff8dbc000 	C:\Windows\SYSTEM32\dbgcore.DLL
0x00007ff812810000 - 0x00007ff812893000 	C:\Windows\System32\bcryptPrimitives.dll
0x00007fffe2d60000 - 0x00007fffe2d89000 	C:\Program Files\Android\Android Studio2\jre\bin\java.dll
0x00007ff80d440000 - 0x00007ff80d44b000 	C:\Program Files\Android\Android Studio2\jre\bin\jimage.dll
0x00007fffee180000 - 0x00007fffee198000 	C:\Program Files\Android\Android Studio2\jre\bin\zip.dll
0x00007ff813df0000 - 0x00007ff81452f000 	C:\Windows\System32\SHELL32.dll
0x00007ff80fca0000 - 0x00007ff810430000 	C:\Windows\SYSTEM32\windows.storage.dll
0x00007ff812920000 - 0x00007ff812c75000 	C:\Windows\System32\combase.dll
0x00007ff8119c0000 - 0x00007ff8119ee000 	C:\Windows\SYSTEM32\Wldp.dll
0x00007ff813230000 - 0x00007ff8132dd000 	C:\Windows\System32\SHCORE.dll
0x00007ff813590000 - 0x00007ff8135e5000 	C:\Windows\System32\shlwapi.dll
0x00007ff811eb0000 - 0x00007ff811ecf000 	C:\Windows\SYSTEM32\profapi.dll
0x00007fffec780000 - 0x00007fffec79a000 	C:\Program Files\Android\Android Studio2\jre\bin\net.dll
0x00007ff802dc0000 - 0x00007ff802ecc000 	C:\Windows\SYSTEM32\WINHTTP.dll
0x00007ff8116b0000 - 0x00007ff81171a000 	C:\Windows\system32\mswsock.dll
0x00007fffec610000 - 0x00007fffec624000 	C:\Program Files\Android\Android Studio2\jre\bin\nio.dll
0x00007fffb58b0000 - 0x00007fffb58d7000 	C:\Users\win10\.gradle\native\8bec1ad78214c89d9ad589b4d07fe93259594b29d510b10fafb7a158f7737e5d\windows-amd64\native-platform.dll
0x00007fffa8180000 - 0x00007fffa82bd000 	C:\Users\win10\.gradle\native\53dbd7edfb1c66fb8903c78663c9afc45aea4f116125fa6feffd364cf09443e8\windows-amd64\native-platform-file-events.dll
0x00007ff80d3c0000 - 0x00007ff80d3ca000 	C:\Program Files\Android\Android Studio2\jre\bin\management.dll
0x00007ff803f00000 - 0x00007ff803f0c000 	C:\Program Files\Android\Android Studio2\jre\bin\management_ext.dll
0x00007ff8118a0000 - 0x00007ff8118b8000 	C:\Windows\SYSTEM32\CRYPTSP.dll
0x00007ff810fd0000 - 0x00007ff811004000 	C:\Windows\system32\rsaenh.dll
0x00007ff812120000 - 0x00007ff812147000 	C:\Windows\System32\bcrypt.dll
0x00007ff811e30000 - 0x00007ff811e5e000 	C:\Windows\SYSTEM32\USERENV.dll
0x00007ff8118c0000 - 0x00007ff8118cc000 	C:\Windows\SYSTEM32\CRYPTBASE.dll
0x00007ff811340000 - 0x00007ff81137b000 	C:\Windows\SYSTEM32\IPHLPAPI.DLL
0x00007ff8138b0000 - 0x00007ff8138b8000 	C:\Windows\System32\NSI.dll
0x00007ff803850000 - 0x00007ff803867000 	C:\Windows\SYSTEM32\dhcpcsvc6.DLL
0x00007ff8039e0000 - 0x00007ff8039fd000 	C:\Windows\SYSTEM32\dhcpcsvc.DLL
0x00007ff811380000 - 0x00007ff81144b000 	C:\Windows\SYSTEM32\DNSAPI.dll
0x00007ff810c60000 - 0x00007ff810c93000 	C:\Windows\SYSTEM32\ntmarta.dll

dbghelp: loaded successfully - version: 4.0.5 - missing functions: none
symbol engine: initialized successfully - sym options: 0x614 - pdb path: .;C:\Program Files\Android\Android Studio2\jre\bin;C:\Windows\SYSTEM32;C:\Windows\WinSxS\amd64_microsoft.windows.common-controls_6595b64144ccf1df_6.0.19041.1110_none_60b5254171f9507e;C:\Program Files\Android\Android Studio2\jre\bin\server;C:\Users\win10\.gradle\native\8bec1ad78214c89d9ad589b4d07fe93259594b29d510b10fafb7a158f7737e5d\windows-amd64;C:\Users\win10\.gradle\native\53dbd7edfb1c66fb8903c78663c9afc45aea4f116125fa6feffd364cf09443e8\windows-amd64

VM Arguments:
jvm_args: --add-opens=java.base/java.util=ALL-UNNAMED --add-opens=java.base/java.lang=ALL-UNNAMED --add-opens=java.base/java.lang.invoke=ALL-UNNAMED --add-opens=java.base/java.util=ALL-UNNAMED --add-opens=java.prefs/java.util.prefs=ALL-UNNAMED --add-opens=java.prefs/java.util.prefs=ALL-UNNAMED --add-opens=java.base/java.nio.charset=ALL-UNNAMED --add-opens=java.base/java.net=ALL-UNNAMED --add-opens=java.base/java.util.concurrent.atomic=ALL-UNNAMED -Xmx2048m -Dfile.encoding=UTF-8 -Duser.country=IN -Duser.language=en -Duser.variant 
java_command: org.gradle.launcher.daemon.bootstrap.GradleDaemon 7.0.2
java_class_path (initial): C:\Users\win10\.gradle\wrapper\dists\gradle-7.0.2-bin\857tjihv64xamwrf0h14cai3r\gradle-7.0.2\lib\gradle-launcher-7.0.2.jar
Launcher Type: SUN_STANDARD

[Global flags]
     intx CICompilerCount                          = 3                                         {product} {ergonomic}
     uint ConcGCThreads                            = 1                                         {product} {ergonomic}
     uint G1ConcRefinementThreads                  = 4                                         {product} {ergonomic}
   size_t G1HeapRegionSize                         = 1048576                                   {product} {ergonomic}
    uintx GCDrainStackTargetSize                   = 64                                        {product} {ergonomic}
   size_t InitialHeapSize                          = 132120576                                 {product} {ergonomic}
   size_t MarkStackSize                            = 4194304                                   {product} {ergonomic}
   size_t MaxHeapSize                              = 2147483648                                {product} {command line}
   size_t MaxNewSize                               = 1287651328                                {product} {ergonomic}
   size_t MinHeapDeltaBytes                        = 1048576                                   {product} {ergonomic}
    uintx NonNMethodCodeHeapSize                   = 5830732                                {pd product} {ergonomic}
    uintx NonProfiledCodeHeapSize                  = 122913754                              {pd product} {ergonomic}
    uintx ProfiledCodeHeapSize                     = 122913754                              {pd product} {ergonomic}
    uintx ReservedCodeCacheSize                    = 251658240                              {pd product} {ergonomic}
     bool SegmentedCodeCache                       = true                                      {product} {ergonomic}
     bool UseCompressedClassPointers               = true                                 {lp64_product} {ergonomic}
     bool UseCompressedOops                        = true                                 {lp64_product} {ergonomic}
     bool UseG1GC                                  = true                                      {product} {ergonomic}
     bool UseLargePagesIndividualAllocation        = false                                  {pd product} {ergonomic}

Logging:
Log output configuration:
 #0: stdout all=warning uptime,level,tags
 #1: stderr all=off uptime,level,tags

Environment Variables:
PATH=C:\Program Files\Common Files\Oracle\Java\javapath;C:\Windows\system32;C:\Windows;C:\Windows\System32\Wbem;C:\Windows\System32\WindowsPowerShell\v1.0\;C:\Windows\System32\OpenSSH\;C:\Program Files\Git\cmd;C:\Users\win10\AppData\Local\Programs\Python\Python310\Scripts\;C:\Users\win10\AppData\Local\Programs\Python\Python310\;C:\Users\win10\AppData\Local\Microsoft\WindowsApps;C:\Users\win10\AppData\Local\Programs\Microsoft VS Code\bin;C:\MinGW\bin;C:\Users\win10\AppData\Local\GitHubDesktop\bin
USERNAME=win10
OS=Windows_NT
PROCESSOR_IDENTIFIER=Intel64 Family 6 Model 126 Stepping 5, GenuineIntel



---------------  S Y S T E M  ---------------

OS: Windows 10 , 64 bit Build 19041 (10.0.19041.1348)
OS uptime: 0 days 3:29 hours

CPU:total 4 (initial active 4) (2 cores per cpu, 2 threads per core) family 6 model 126 stepping 5 microcode 0xa6, cmov, cx8, fxsr, mmx, sse, sse2, sse3, ssse3, sse4.1, sse4.2, popcnt, avx, avx2, aes, clmul, erms, 3dnowpref, lzcnt, ht, tsc, tscinvbit, bmi1, bmi2, adx, evex, sha, fma

Memory: 4k page, system-wide physical 7959M (236M free)
TotalPageFile size 13847M (AvailPageFile size 2937M)
current process WorkingSet (physical memory assigned to process): 395M, peak: 399M
current process commit charge ("private bytes"): 425M, peak: 430M

vm_info: OpenJDK 64-Bit Server VM (11.0.10+0-b96-7249189) for windows-amd64 JRE (11.0.10+0-b96-7249189), built on Mar 31 2021 21:44:00 by "builder" with MS VC++ 14.0 (VS2015)

END.
